

MODULE SERIAL NUMBER = 12634
SENSOR SERIAL NUMBER = 2635
MODULE SOFTWARE VERSION = 5.07
CALIBRATION DATE: 17-Apr-19s
CONDUCTIVITY CALIBRATION DATA
PSS 1978: C(35,15,0) = 4.2914 Siemens/meter

GHIJ COEFFICIENTS
g =  -1.20495012e+01
h =   2.09771566e+00
i =  -2.14999437e-01
j =   1.72963271e-02
CPcor = -9.57e-08 (nominal)
CTcor = 3.25e-06 (nominal)

ABCDM COEFFICIENTS
a =   6.21095267e-13
b =   1.36908283e+00
c =  -9.88756042e+00
d =  -1.61083258e-03
m = 14.6
CPcor = -9.57e-08 (nominal)

BATH TEMP   BATH SAL    BATH COND   INST FREQ    INST COND    RESIDUAL
 [deg C]    [PSS-78]   [Siemens/m]    [kHz]     [Siemens/m]  [Siemens/m]
 22.0000     0.0000      0.00000     2.70880      0.00006     0.00006
  1.0000    34.5904      2.95852     5.37430      2.95945     0.00093
  4.5000    34.5760      3.26431     5.57580      3.26150    -0.00281
 15.0000    34.5370      4.24098     6.17146      4.23982    -0.00116
 18.5000    34.5295      4.58443     6.36630      4.59045     0.00602
 24.0000    34.5199      5.13942     6.65776      5.14642     0.00700
 29.0000    34.5138      5.65835     6.89916      5.63764    -0.02071
 32.5001    34.5064      6.02806     7.08614      6.03873     0.01067


MODULE SERIAL NUMBER = 13866
SENSOR SERIAL NUMBER = 2569
MODULE SOFTWARE VERSION = 5.07
CALIBRATION DATE: 17-Apr-19s
CONDUCTIVITY CALIBRATION DATA
PSS 1978: C(35,15,0) = 4.2914 Siemens/meter

GHIJ COEFFICIENTS
g =  -1.07040169e+01
h =   1.79378203e+00
i =  -9.95282207e-02
j =   8.12934322e-03
CPcor = -9.57e-08 (nominal)
CTcor = 3.25e-06 (nominal)

ABCDM COEFFICIENTS
a =   1.01753858e-16
b =   1.46306278e+00
c =  -9.77187550e+00
d =  -7.58144727e-04
m = 18.8
CPcor = -9.57e-08 (nominal)

BATH TEMP   BATH SAL    BATH COND   INST FREQ    INST COND    RESIDUAL
 [deg C]    [PSS-78]   [Siemens/m]    [kHz]     [Siemens/m]  [Siemens/m]
 22.0000     0.0000      0.00000     2.59430     -0.00007    -0.00007
  1.0000    34.5904      2.95852     5.19050      2.96053     0.00201
  4.5000    34.5760      3.26431     5.38680      3.26344    -0.00087
 15.0000    34.5370      4.24098     5.97012      4.23773    -0.00325
 18.5000    34.5295      4.58443     6.16160      4.58297    -0.00146
 24.0000    34.5199      5.13942     6.45810      5.14384     0.00442
 29.0000    34.5138      5.65835     6.71672      5.66025     0.00190
 32.5001    34.5064      6.02806     6.89204      6.02538    -0.00268


MODULE SERIAL NUMBER = 14701
SENSOR SERIAL NUMBER = 2560
MODULE SOFTWARE VERSION = 5.07
CALIBRATION DATE: 17-Apr-19s
CONDUCTIVITY CALIBRATION DATA
PSS 1978: C(35,15,0) = 4.2914 Siemens/meter

GHIJ COEFFICIENTS
g =  -9.83253221e+00
h =   1.37258223e+00
i =  -4.21671355e-03
j =   5.46866062e-04
CPcor = -9.57e-08 (nominal)
CTcor = 3.25e-06 (nominal)

ABCDM COEFFICIENTS
a =   1.23728478e-05
b =   1.36168653e+00
c =  -9.80756500e+00
d =  -9.15597584e-05
m =  5.3
CPcor = -9.57e-08 (nominal)

BATH TEMP   BATH SAL    BATH COND   INST FREQ    INST COND    RESIDUAL
 [deg C]    [PSS-78]   [Siemens/m]    [kHz]     [Siemens/m]  [Siemens/m]
 22.0000     0.0000      0.00000     2.68370      0.00000     0.00000
  1.0000    34.5904      2.95852     5.37230      2.95840    -0.00012
  4.5000    34.5760      3.26431     5.57628      3.26449     0.00018
 15.0000    34.5370      4.24098     6.18108      4.24084    -0.00014
 18.5000    34.5295      4.58443     6.37998      4.58455     0.00012
 24.0000    34.5199      5.13942     6.68810      5.13927    -0.00015
 29.0000    34.5138      5.65835     6.96372      5.65854     0.00019
 32.5001    34.5064      6.02806     7.15308      6.02798    -0.00008


MODULE SERIAL NUMBER = 15508
SENSOR SERIAL NUMBER = 2561
MODULE SOFTWARE VERSION = 5.10
CALIBRATION DATE: 17-Apr-19s
CONDUCTIVITY CALIBRATION DATA
PSS 1978: C(35,15,0) = 4.2914 Siemens/meter

GHIJ COEFFICIENTS
g =  -1.10254130e+01
h =   1.87966765e+00
i =  -1.36109778e-01
j =   1.07309785e-02
CPcor = -9.57e-08 (nominal)
CTcor = 3.25e-06 (nominal)

ABCDM COEFFICIENTS
a =   3.40209964e-27
b =   1.41315275e+00
c =  -9.64951128e+00
d =  -6.60377312e-04
m = 31.1
CPcor = -9.57e-08 (nominal)

BATH TEMP   BATH SAL    BATH COND   INST FREQ    INST COND    RESIDUAL
 [deg C]    [PSS-78]   [Siemens/m]    [kHz]     [Siemens/m]  [Siemens/m]
 22.0000     0.0000      0.00000     2.62810     -0.00015    -0.00015
  1.0000    34.5904      2.95852     5.27578      2.96193     0.00341
  4.5000    34.5760      3.26431     5.47570      3.26334    -0.00097
 15.0000    34.5370      4.24098     6.06982      4.23526    -0.00572
 18.5000    34.5295      4.58443     6.26494      4.58103    -0.00340
 24.0000    34.5199      5.13942     6.56750      5.14524     0.00582
 29.0000    34.5138      5.65835     6.83160      5.66719     0.00884
 32.5001    34.5064      6.02806     7.00242      6.02023    -0.00783


MODULE SERIAL NUMBER = 15623
SENSOR SERIAL NUMBER = 2441
MODULE SOFTWARE VERSION = 5.10
CALIBRATION DATE: 17-Apr-19s
CONDUCTIVITY CALIBRATION DATA
PSS 1978: C(35,15,0) = 4.2914 Siemens/meter

GHIJ COEFFICIENTS
g =  -9.78147818e+00
h =   1.48840454e+00
i =  -2.04090310e-02
j =   1.90742868e-03
CPcor = -9.57e-08 (nominal)
CTcor = 3.25e-06 (nominal)

ABCDM COEFFICIENTS
a =   1.02544898e-08
b =   1.42777148e+00
c =  -9.63982513e+00
d =  -1.06490768e-04
m =  9.0
CPcor = -9.57e-08 (nominal)

BATH TEMP   BATH SAL    BATH COND   INST FREQ    INST COND    RESIDUAL
 [deg C]    [PSS-78]   [Siemens/m]    [kHz]     [Siemens/m]  [Siemens/m]
 22.0000     0.0000      0.00000     2.59880     -0.00004    -0.00004
  1.0000    34.5904      2.95852     5.24034      2.95932     0.00080
  4.5000    34.5760      3.26431     5.43940      3.26408    -0.00023
 15.0000    34.5370      4.24098     6.03090      4.23989    -0.00109
 18.5000    34.5295      4.58443     6.22510      4.58353    -0.00090
 24.0000    34.5199      5.13942     6.52650      5.14005     0.00063
 29.0000    34.5138      5.65835     6.79574      5.66137     0.00302
 32.5001    34.5064      6.02806     6.97724      6.02587    -0.00219


MODULE SERIAL NUMBER = 15696
SENSOR SERIAL NUMBER = 2544
MODULE SOFTWARE VERSION = 5.10
CALIBRATION DATE: 17-Apr-19s
CONDUCTIVITY CALIBRATION DATA
PSS 1978: C(35,15,0) = 4.2914 Siemens/meter

GHIJ COEFFICIENTS
g =  -1.06378681e+01
h =   1.85515928e+00
i =  -9.97988586e-02
j =   8.21398970e-03
CPcor = -9.57e-08 (nominal)
CTcor = 3.25e-06 (nominal)

ABCDM COEFFICIENTS
a =   2.46847037e-34
b =   1.52842191e+00
c =  -9.77707560e+00
d =   1.92987770e-04
m = 40.1
CPcor = -9.57e-08 (nominal)

BATH TEMP   BATH SAL    BATH COND   INST FREQ    INST COND    RESIDUAL
 [deg C]    [PSS-78]   [Siemens/m]    [kHz]     [Siemens/m]  [Siemens/m]
 22.0000     0.0000      0.00000     2.53520     -0.00012    -0.00012
  1.0000    34.5904      2.95852     5.07910      2.96101     0.00249
  4.5000    34.5760      3.26431     5.27150      3.26377    -0.00054
 15.0000    34.5370      4.24098     5.84340      4.23695    -0.00403
 18.5000    34.5295      4.58443     6.03122      4.58158    -0.00285
 24.0000    34.5199      5.13942     6.32278      5.14244     0.00302
 29.0000    34.5138      5.65835     6.58142      5.66741     0.00906
 32.5001    34.5064      6.02806     6.74860      6.02103    -0.00703


MODULE SERIAL NUMBER = 15698
SENSOR SERIAL NUMBER = 2467
MODULE SOFTWARE VERSION = 5.10
CALIBRATION DATE: 17-Apr-19s
CONDUCTIVITY CALIBRATION DATA
PSS 1978: C(35,15,0) = 4.2914 Siemens/meter

GHIJ COEFFICIENTS
g =  -9.69967810e+00
h =   1.46431920e+00
i =  -9.95262473e-03
j =   1.10254417e-03
CPcor = -9.57e-08 (nominal)
CTcor = 3.25e-06 (nominal)

ABCDM COEFFICIENTS
a =   2.31092403e-06
b =   1.43752974e+00
c =  -9.64201977e+00
d =  -8.95279035e-05
m =  6.3
CPcor = -9.57e-08 (nominal)

BATH TEMP   BATH SAL    BATH COND   INST FREQ    INST COND    RESIDUAL
 [deg C]    [PSS-78]   [Siemens/m]    [kHz]     [Siemens/m]  [Siemens/m]
 22.0000     0.0000      0.00000     2.59000     -0.00002    -0.00002
  1.0000    34.5904      2.95852     5.21902      2.95888     0.00036
  4.5000    34.5760      3.26431     5.41744      3.26429    -0.00002
 15.0000    34.5370      4.24098     6.00628      4.24025    -0.00073
 18.5000    34.5295      4.58443     6.19986      4.58406    -0.00037
 24.0000    34.5199      5.13942     6.50000      5.13987     0.00045
 29.0000    34.5138      5.65835     6.76800      5.65972     0.00137
 32.5001    34.5064      6.02806     6.95072      6.02702    -0.00104


MODULE SERIAL NUMBER = 15818
SENSOR SERIAL NUMBER = 2595
MODULE SOFTWARE VERSION = 5.10
CALIBRATION DATE: 17-Apr-19s
CONDUCTIVITY CALIBRATION DATA
PSS 1978: C(35,15,0) = 4.2914 Siemens/meter

GHIJ COEFFICIENTS
g =  -9.93652455e+00
h =   1.51833465e+00
i =  -1.91307950e-02
j =   1.84508545e-03
CPcor = -9.57e-08 (nominal)
CTcor = 3.25e-06 (nominal)

ABCDM COEFFICIENTS
a =   6.84933895e-08
b =   1.46252497e+00
c =  -9.80674661e+00
d =  -1.40492366e-04
m =  8.1
CPcor = -9.57e-08 (nominal)

BATH TEMP   BATH SAL    BATH COND   INST FREQ    INST COND    RESIDUAL
 [deg C]    [PSS-78]   [Siemens/m]    [kHz]     [Siemens/m]  [Siemens/m]
 22.0000     0.0000      0.00000     2.59010      0.00000     0.00000
  1.0000    34.5904      2.95852     5.18736      2.95854     0.00002
  4.5000    34.5760      3.26431     5.38414      3.26425    -0.00006
 15.0000    34.5370      4.24098     5.96776      4.24099     0.00001
 18.5000    34.5295      4.58443     6.15892      4.58401    -0.00042
 24.0000    34.5199      5.13942     6.45650      5.14106     0.00164
 29.0000    34.5138      5.65835     6.71908      5.65624    -0.00211
 32.5001    34.5064      6.02806     6.90228      6.02897     0.00091


MODULE SERIAL NUMBER = 15822
SENSOR SERIAL NUMBER = 2564
MODULE SOFTWARE VERSION = 5.10
CALIBRATION DATE: 17-Apr-19s
CONDUCTIVITY CALIBRATION DATA
PSS 1978: C(35,15,0) = 4.2914 Siemens/meter

GHIJ COEFFICIENTS
g =  -9.93982230e+00
h =   1.43282635e+00
i =  -2.12432467e-02
j =   1.95582134e-03
CPcor = -9.57e-08 (nominal)
CTcor = 3.25e-06 (nominal)

ABCDM COEFFICIENTS
a =   3.28623829e-08
b =   1.36819753e+00
c =  -9.77789790e+00
d =  -1.48843360e-04
m =  8.4
CPcor = -9.57e-08 (nominal)

BATH TEMP   BATH SAL    BATH COND   INST FREQ    INST COND    RESIDUAL
 [deg C]    [PSS-78]   [Siemens/m]    [kHz]     [Siemens/m]  [Siemens/m]
 22.0000     0.0000      0.00000     2.67410     -0.00002    -0.00002
  1.0000    34.5904      2.95852     5.36146      2.95892     0.00040
  4.5000    34.5760      3.26431     5.56460      3.26418    -0.00013
 15.0000    34.5370      4.24098     6.16726      4.24021    -0.00077
 18.5000    34.5295      4.58443     6.36520      4.58416    -0.00027
 24.0000    34.5199      5.13942     6.67194      5.14045     0.00103
 29.0000    34.5138      5.65835     6.94436      5.65860     0.00025
 32.5001    34.5064      6.02806     7.13134      6.02757    -0.00049


MODULE SERIAL NUMBER = 15850
SENSOR SERIAL NUMBER = 2576
MODULE SOFTWARE VERSION = 5.10
CALIBRATION DATE: 17-Apr-19s
CONDUCTIVITY CALIBRATION DATA
PSS 1978: C(35,15,0) = 4.2914 Siemens/meter

GHIJ COEFFICIENTS
g =  -9.79125585e+00
h =   1.48403113e+00
i =  -1.43627242e-02
j =   1.42130390e-03
CPcor = -9.57e-08 (nominal)
CTcor = 3.25e-06 (nominal)

ABCDM COEFFICIENTS
a =   1.91605184e-07
b =   1.44270498e+00
c =  -9.69583835e+00
d =  -1.22219103e-04
m =  7.5
CPcor = -9.57e-08 (nominal)

BATH TEMP   BATH SAL    BATH COND   INST FREQ    INST COND    RESIDUAL
 [deg C]    [PSS-78]   [Siemens/m]    [kHz]     [Siemens/m]  [Siemens/m]
 22.0000     0.0000      0.00000     2.59290     -0.00001    -0.00001
  1.0000    34.5904      2.95852     5.21528      2.95871     0.00019
  4.5000    34.5760      3.26431     5.41354      3.26419    -0.00012
 15.0000    34.5370      4.24098     6.00198      4.24061    -0.00037
 18.5000    34.5295      4.58443     6.19530      4.58442    -0.00001
 24.0000    34.5199      5.13942     6.49490      5.14008     0.00066
 29.0000    34.5138      5.65835     6.76142      5.65795    -0.00040
 32.5001    34.5064      6.02806     6.94520      6.02811     0.00005
