

MODULE SERIAL NUMBER = 14632
SENSOR SERIAL NUMBER = 1986
MODULE SOFTWARE VERSION = 5.07
CALIBRATION DATE: 15-Apr-19s
CONDUCTIVITY CALIBRATION DATA
PSS 1978: C(35,15,0) = 4.2914 Siemens/meter

GHIJ COEFFICIENTS
g =  -1.00505257e+01
h =   1.42560222e+00
i =  -9.51922489e-03
j =   1.19514692e-03
CPcor = -9.57e-08 (nominal)
CTcor = 3.25e-06 (nominal)

ABCDM COEFFICIENTS
a =   1.36162507e-05
b =   1.40147678e+00
c =  -1.00003487e+01
d =  -1.25458506e-04
m =  5.6
CPcor = -9.57e-08 (nominal)

BATH TEMP   BATH SAL    BATH COND   INST FREQ    INST COND    RESIDUAL
 [deg C]    [PSS-78]   [Siemens/m]    [kHz]     [Siemens/m]  [Siemens/m]
 22.0000     0.0000      0.00000     2.67110      0.00003     0.00003
  1.0000    34.7176      2.96836     5.31062      2.96801    -0.00035
  4.5000    34.6929      3.27425     5.51010      3.27412    -0.00013
 14.9999    34.6565      4.25410     6.10340      4.25474     0.00064
 18.5000    34.6487      4.59855     6.29788      4.59931     0.00076
 24.0000    34.6402      5.15535     6.59902      5.15571     0.00036
 29.0000    34.6327      5.67565     6.86590      5.67227    -0.00338
 32.5000    34.6241      6.04628     7.05332      6.04835     0.00207


MODULE SERIAL NUMBER = 14657
SENSOR SERIAL NUMBER = 2017
MODULE SOFTWARE VERSION = 5.07
CALIBRATION DATE: 15-Apr-19s
CONDUCTIVITY CALIBRATION DATA
PSS 1978: C(35,15,0) = 4.2914 Siemens/meter

GHIJ COEFFICIENTS
g =  -1.00015883e+01
h =   1.39037529e+00
i =   4.59149332e-03
j =   1.42985453e-05
CPcor = -9.57e-08 (nominal)
CTcor = 3.25e-06 (nominal)

ABCDM COEFFICIENTS
a =   4.75628468e-03
b =   1.38978381e+00
c =  -9.99847987e+00
d =  -7.15715095e-05
m =  3.0
CPcor = -9.57e-08 (nominal)

BATH TEMP   BATH SAL    BATH COND   INST FREQ    INST COND    RESIDUAL
 [deg C]    [PSS-78]   [Siemens/m]    [kHz]     [Siemens/m]  [Siemens/m]
 22.0000     0.0000      0.00000     2.67020     -0.00001    -0.00001
  1.0000    34.7176      2.96836     5.29620      2.96913     0.00077
  4.5000    34.6929      3.27425     5.49362      3.27335    -0.00090
 14.9999    34.6565      4.25410     6.08534      4.25381    -0.00029
 18.5000    34.6487      4.59855     6.28002      4.59896     0.00041
 24.0000    34.6402      5.15535     6.58140      5.15540     0.00005
 29.0000    34.6327      5.67565     6.85090      5.67580     0.00015
 32.5000    34.6241      6.04628     7.03618      6.04610    -0.00018


MODULE SERIAL NUMBER = 14942
SENSOR SERIAL NUMBER = 2160
MODULE SOFTWARE VERSION = 5.10
CALIBRATION DATE: 15-Apr-19s
CONDUCTIVITY CALIBRATION DATA
PSS 1978: C(35,15,0) = 4.2914 Siemens/meter

GHIJ COEFFICIENTS
g =  -1.00316017e+01
h =   1.49523958e+00
i =   1.81870298e-03
j =   1.59789527e-04
CPcor = -9.57e-08 (nominal)
CTcor = 3.25e-06 (nominal)

ABCDM COEFFICIENTS
a =   1.30048560e-03
b =   1.49579388e+00
c =  -1.00277467e+01
d =  -8.37064319e-05
m =  3.4
CPcor = -9.57e-08 (nominal)

BATH TEMP   BATH SAL    BATH COND   INST FREQ    INST COND    RESIDUAL
 [deg C]    [PSS-78]   [Siemens/m]    [kHz]     [Siemens/m]  [Siemens/m]
 22.0000     0.0000      0.00000     2.58520      0.00000     0.00000
  1.0000    34.7176      2.96836     5.13046      2.96817    -0.00019
  4.5000    34.6929      3.27425     5.32346      3.27446     0.00021
 14.9999    34.6565      4.25410     5.89770      4.25414     0.00004
 18.5000    34.6487      4.59855     6.08644      4.59858     0.00003
 24.0000    34.6402      5.15535     6.37936      5.15518    -0.00017
 29.0000    34.6327      5.67565     6.64130      5.67570     0.00005
 32.5000    34.6241      6.04628     6.82150      6.04631     0.00003


MODULE SERIAL NUMBER = 15177
SENSOR SERIAL NUMBER = 2177
MODULE SOFTWARE VERSION = 5.10
CALIBRATION DATE: 15-Apr-19s
CONDUCTIVITY CALIBRATION DATA
PSS 1978: C(35,15,0) = 4.2914 Siemens/meter

GHIJ COEFFICIENTS
g =  -9.51587268e+00
h =   1.31249062e+00
i =   8.49307862e-02
j =  -6.09826538e-03
CPcor = -9.57e-08 (nominal)
CTcor = 3.25e-06 (nominal)

ABCDM COEFFICIENTS
a =   5.01824851e-01
b =   1.01597967e+00
c =  -1.00428741e+01
d =  -1.16484787e-03
m =  2.1
CPcor = -9.57e-08 (nominal)

BATH TEMP   BATH SAL    BATH COND   INST FREQ    INST COND    RESIDUAL
 [deg C]    [PSS-78]   [Siemens/m]    [kHz]     [Siemens/m]  [Siemens/m]
 22.0000     0.0000      0.00000     2.52860     -0.00002    -0.00002
  1.0000    34.7176      2.96836     4.97450      2.96830    -0.00006
  4.5000    34.6929      3.27425     5.15864      3.27517     0.00092
 14.9999    34.6565      4.25410     5.70530      4.25154    -0.00256
 18.5000    34.6487      4.59855     5.88854      4.60012     0.00157
 24.0000    34.6402      5.15535     6.16920      5.15402    -0.00133
 29.0000    34.6327      5.67565     6.42496      5.67924     0.00359
 32.5000    34.6241      6.04628     6.59748      6.04419    -0.00209


MODULE SERIAL NUMBER = 15397
SENSOR SERIAL NUMBER = 2289
MODULE SOFTWARE VERSION = 5.10
CALIBRATION DATE: 15-Apr-19s
CONDUCTIVITY CALIBRATION DATA
PSS 1978: C(35,15,0) = 4.2914 Siemens/meter

GHIJ COEFFICIENTS
g =  -9.99033201e+00
h =   1.46527907e+00
i =   1.63334791e-02
j =  -1.00733759e-03
CPcor = -9.57e-08 (nominal)
CTcor = 3.25e-06 (nominal)

ABCDM COEFFICIENTS
a =   1.95568277e-01
b =   1.29455701e+00
c =  -1.00524482e+01
d =  -2.49058692e-04
m =  2.1
CPcor = -9.57e-08 (nominal)

BATH TEMP   BATH SAL    BATH COND   INST FREQ    INST COND    RESIDUAL
 [deg C]    [PSS-78]   [Siemens/m]    [kHz]     [Siemens/m]  [Siemens/m]
 22.0000     0.0000      0.00000     2.58010     -0.00002    -0.00002
  1.0000    34.7176      2.96836     5.10564      2.96952     0.00116
  4.5000    34.6929      3.27425     5.29538      3.27304    -0.00121
 14.9999    34.6565      4.25410     5.86576      4.25276    -0.00134
 18.5000    34.6487      4.59855     6.05514      4.60030     0.00175
 24.0000    34.6402      5.15535     6.34568      5.15492    -0.00043
 29.0000    34.6327      5.67565     6.60712      5.67610     0.00045
 32.5000    34.6241      6.04628     6.78658      6.04592    -0.00036


MODULE SERIAL NUMBER = 15647
SENSOR SERIAL NUMBER = 1146
MODULE SOFTWARE VERSION = 5.10
CALIBRATION DATE: 15-Apr-19s
CONDUCTIVITY CALIBRATION DATA
PSS 1978: C(35,15,0) = 4.2914 Siemens/meter

GHIJ COEFFICIENTS
g =  -8.96213212e+00
h =   1.39123262e+00
i =   5.83689025e-03
j =  -1.51993371e-04
CPcor = -9.57e-08 (nominal)
CTcor = 3.25e-06 (nominal)

ABCDM COEFFICIENTS
a =   3.05207879e-02
b =   1.35765421e+00
c =  -8.94042992e+00
d =  -7.82614083e-05
m =  2.4
CPcor = -9.57e-08 (nominal)

BATH TEMP   BATH SAL    BATH COND   INST FREQ    INST COND    RESIDUAL
 [deg C]    [PSS-78]   [Siemens/m]    [kHz]     [Siemens/m]  [Siemens/m]
 22.0000     0.0000      0.00000     2.52560     -0.00001    -0.00001
  1.0000    34.7176      2.96836     5.22142      2.96852     0.00016
  4.5000    34.6929      3.27425     5.42246      3.27431     0.00006
 14.9999    34.6565      4.25410     6.02027      4.25330    -0.00080
 18.5000    34.6487      4.59855     6.21732      4.59890     0.00035
 24.0000    34.6402      5.15535     6.52194      5.15551     0.00016
 29.0000    34.6327      5.67565     6.79426      5.67613     0.00048
 32.5000    34.6241      6.04628     6.98108      6.04587    -0.00041


MODULE SERIAL NUMBER = 15820
SENSOR SERIAL NUMBER = 1228
MODULE SOFTWARE VERSION = 5.10
CALIBRATION DATE: 15-Apr-19s
CONDUCTIVITY CALIBRATION DATA
PSS 1978: C(35,15,0) = 4.2914 Siemens/meter

GHIJ COEFFICIENTS
g =  -1.00441476e+01
h =   1.37321367e+00
i =  -1.93858596e-03
j =   3.98653821e-04
CPcor = -9.57e-08 (nominal)
CTcor = 3.25e-06 (nominal)

ABCDM COEFFICIENTS
a =   7.92644430e-05
b =   1.36860865e+00
c =  -1.00326992e+01
d =  -8.73447926e-05
m =  4.5
CPcor = -9.57e-08 (nominal)

BATH TEMP   BATH SAL    BATH COND   INST FREQ    INST COND    RESIDUAL
 [deg C]    [PSS-78]   [Siemens/m]    [kHz]     [Siemens/m]  [Siemens/m]
 22.0000     0.0000      0.00000     2.70680      0.00000     0.00000
  1.0000    34.7176      2.96836     5.37644      2.96818    -0.00018
  4.5000    34.6929      3.27425     5.57888      3.27447     0.00022
 14.9999    34.6565      4.25410     6.18100      4.25412     0.00002
 18.5000    34.6487      4.59855     6.37880      4.59848    -0.00007
 24.0000    34.6402      5.15535     6.68590      5.15534    -0.00001
 29.0000    34.6327      5.67565     6.96018      5.67565     0.00000
 32.5000    34.6241      6.04628     7.14890      6.04630     0.00002


MODULE SERIAL NUMBER = 15823
SENSOR SERIAL NUMBER = 1675
MODULE SOFTWARE VERSION = 5.10
CALIBRATION DATE: 15-Apr-19s
CONDUCTIVITY CALIBRATION DATA
PSS 1978: C(35,15,0) = 4.2914 Siemens/meter

GHIJ COEFFICIENTS
g =  -1.01164794e+01
h =   1.48492096e+00
i =   5.39462675e-03
j =  -1.63600853e-05
CPcor = -9.57e-08 (nominal)
CTcor = 3.25e-06 (nominal)

ABCDM COEFFICIENTS
a =   6.93522190e-03
b =   1.48169368e+00
c =  -1.01096966e+01
d =  -8.44596137e-05
m =  2.9
CPcor = -9.57e-08 (nominal)

BATH TEMP   BATH SAL    BATH COND   INST FREQ    INST COND    RESIDUAL
 [deg C]    [PSS-78]   [Siemens/m]    [kHz]     [Siemens/m]  [Siemens/m]
 22.0000     0.0000      0.00000     2.59800      0.00000     0.00000
  1.0000    34.7176      2.96836     5.13020      2.96820    -0.00016
  4.5000    34.6929      3.27425     5.32222      3.27451     0.00026
 14.9999    34.6565      4.25410     5.89334      4.25394    -0.00016
 18.5000    34.6487      4.59855     6.08118      4.59851    -0.00004
 24.0000    34.6402      5.15535     6.37276      5.15544     0.00009
 29.0000    34.6327      5.67565     6.63324      5.67573     0.00008
 32.5000    34.6241      6.04628     6.81246      6.04621    -0.00007


MODULE SERIAL NUMBER = 15838
SENSOR SERIAL NUMBER = 1082
MODULE SOFTWARE VERSION = 5.10
CALIBRATION DATE: 15-Apr-19s
CONDUCTIVITY CALIBRATION DATA
PSS 1978: C(35,15,0) = 4.2914 Siemens/meter

GHIJ COEFFICIENTS
g =  -1.04808847e+01
h =   1.55357414e+00
i =   3.03889732e-04
j =   3.57795653e-04
CPcor = -9.57e-08 (nominal)
CTcor = 3.25e-06 (nominal)

ABCDM COEFFICIENTS
a =   6.09596097e-04
b =   1.55273982e+00
c =  -1.04746004e+01
d =  -8.30593026e-05
m =  3.8
CPcor = -9.57e-08 (nominal)

BATH TEMP   BATH SAL    BATH COND   INST FREQ    INST COND    RESIDUAL
 [deg C]    [PSS-78]   [Siemens/m]    [kHz]     [Siemens/m]  [Siemens/m]
 22.0000     0.0000      0.00000     2.59470      0.00000     0.00000
  1.0000    34.7176      2.96836     5.06700      2.96816    -0.00020
  4.5000    34.6929      3.27425     5.25544      3.27449     0.00024
 14.9999    34.6565      4.25410     5.81620      4.25409    -0.00001
 18.5000    34.6487      4.59855     6.00060      4.59858     0.00003
 24.0000    34.6402      5.15535     6.28680      5.15528    -0.00007
 29.0000    34.6327      5.67565     6.54260      5.67562    -0.00003
 32.5000    34.6241      6.04628     6.71868      6.04633     0.00005


MODULE SERIAL NUMBER = 15847
SENSOR SERIAL NUMBER = 1747
MODULE SOFTWARE VERSION = 5.10
CALIBRATION DATE: 15-Apr-19s
CONDUCTIVITY CALIBRATION DATA
PSS 1978: C(35,15,0) = 4.2914 Siemens/meter

GHIJ COEFFICIENTS
g =  -1.03230353e+01
h =   1.41696563e+00
i =  -1.61713598e-03
j =   3.88090110e-04
CPcor = -9.57e-08 (nominal)
CTcor = 3.25e-06 (nominal)

ABCDM COEFFICIENTS
a =   1.31866767e-04
b =   1.41275877e+00
c =  -1.03109386e+01
d =  -8.55847319e-05
m =  4.3
CPcor = -9.57e-08 (nominal)

BATH TEMP   BATH SAL    BATH COND   INST FREQ    INST COND    RESIDUAL
 [deg C]    [PSS-78]   [Siemens/m]    [kHz]     [Siemens/m]  [Siemens/m]
 22.0000     0.0000      0.00000     2.70060      0.00000     0.00000
  1.0000    34.7176      2.96836     5.30904      2.96817    -0.00019
  4.5000    34.6929      3.27425     5.50758      3.27448     0.00023
 14.9999    34.6565      4.25410     6.09832      4.25411     0.00001
 18.5000    34.6487      4.59855     6.29250      4.59853    -0.00002
 24.0000    34.6402      5.15535     6.59394      5.15527    -0.00008
 29.0000    34.6327      5.67565     6.86334      5.67567     0.00002
 32.5000    34.6241      6.04628     7.04870      6.04630     0.00002
